  pacific_nw: fetching line...
    overpass-api.de...
  pacific_nw: 8400 features
  pacific_s: fetching line...
    overpass-api.de...
  pacific_s: 30395 features
  mountain_w: fetching line...
    overpass-api.de...
  mountain_w: 14275 features
  southwest: fetching line...
    overpass-api.de...
  southwest: 16172 features
  plains_n: fetching line...
    overpass-api.de...
  plains_n: 8634 features
  plains_s: fetching line...
    overpass-api.de...
  plains_s: 17221 features
  texas: fetching line...
    overpass-api.de...
    failed: HTTP Error 429: Too Many Requests
    overpass.kumi.systems...
    failed: The read operation timed out
    overpass.openstreetmap.fr...
  texas: 39712 features
  great_lakes: fetching line...
    overpass-api.de...
  great_lakes: 52592 features
  midwest_s: fetching line...
    overpass-api.de...
  midwest_s: 30985 features
  northeast: fetching line...
    overpass-api.de...
  northeast: 39164 features
  mid_atlantic: fetching line...
    overpass-api.de...
  mid_atlantic: 15271 features
  southeast: fetching line...
    overpass-api.de...
  southeast: 31507 features
  florida: fetching line...
    overpass-api.de...
  florida: 11619 features
  louisiana_ms: fetching line...
    overpass-api.de...
  louisiana_ms: 6055 features
  arkansas: fetching line...
    overpass-api.de...
  arkansas: 3750 features
  alaska: fetching line...
    overpass-api.de...
  alaska: 702 features
  hawaii: fetching line...
    overpass-api.de...
  hawaii: 280 features

✓ line: 326734 total features, 258.0 MB → /home/alex/.openclaw/workspace/global-power-lines/geojson/US/power_lines_us.geojson
  pacific_nw: fetching minor_line...
    overpass-api.de...
  pacific_nw: 2778 features
  pacific_s: fetching minor_line...
    overpass-api.de...
    failed: HTTP Error 504: Gateway Timeout
    overpass.kumi.systems...
  pacific_s: 23146 features
  mountain_w: fetching minor_line...
    overpass-api.de...
  mountain_w: 7197 features
  southwest: fetching minor_line...
    overpass-api.de...
  southwest: 21897 features
  plains_n: fetching minor_line...
    overpass-api.de...
  plains_n: 26587 features
  plains_s: fetching minor_line...
    overpass-api.de...
    failed: HTTP Error 429: Too Many Requests
    overpass.kumi.systems...
  plains_s: 2586 features
  texas: fetching minor_line...
    overpass-api.de...
  texas: 11317 features
  great_lakes: fetching minor_line...
    overpass-api.de...
  great_lakes: 32484 features
  midwest_s: fetching minor_line...
    overpass-api.de...
  midwest_s: 141188 features
  northeast: fetching minor_line...
    overpass-api.de...
  northeast: 52625 features
  mid_atlantic: fetching minor_line...
    overpass-api.de...
    failed: HTTP Error 504: Gateway Timeout
    overpass.kumi.systems...
  mid_atlantic: 14993 features
  southeast: fetching minor_line...
    overpass-api.de...
  southeast: 85577 features
  florida: fetching minor_line...
    overpass-api.de...
  florida: 11288 features
  louisiana_ms: fetching minor_line...
    overpass-api.de...
  louisiana_ms: 879 features
  arkansas: fetching minor_line...
    overpass-api.de...
  arkansas: 15585 features
  alaska: fetching minor_line...
    overpass-api.de...
  alaska: 936 features
  hawaii: fetching minor_line...
    overpass-api.de...
  hawaii: 173 features

✓ minor_line: 451236 total features, 248.4 MB → /home/alex/.openclaw/workspace/global-power-lines/geojson/US/power_minor_lines_us.geojson
  pacific_nw: fetching substation...
    overpass-api.de...
  pacific_nw: 2164 features
  pacific_s: fetching substation...
    overpass-api.de...
  pacific_s: 5575 features
  mountain_w: fetching substation...
    overpass-api.de...
  mountain_w: 3645 features
  southwest: fetching substation...
    overpass-api.de...
  southwest: 2406 features
  plains_n: fetching substation...
    overpass-api.de...
  plains_n: 3033 features
  plains_s: fetching substation...
    overpass-api.de...
    failed: HTTP Error 429: Too Many Requests
    overpass.kumi.systems...
  plains_s: 4757 features
  texas: fetching substation...
    overpass-api.de...
  texas: 8581 features
  great_lakes: fetching substation...
    overpass-api.de...
  great_lakes: 10494 features
  midwest_s: fetching substation...
    overpass-api.de...
  midwest_s: 10350 features
  northeast: fetching substation...
    overpass-api.de...
  northeast: 11546 features
  mid_atlantic: fetching substation...
    overpass-api.de...
  mid_atlantic: 4099 features
  southeast: fetching substation...
    overpass-api.de...
  southeast: 10476 features
  florida: fetching substation...
    overpass-api.de...
  florida: 2448 features
  louisiana_ms: fetching substation...
    overpass-api.de...
    failed: HTTP Error 504: Gateway Timeout
    overpass.kumi.systems...
  louisiana_ms: 2190 features
  arkansas: fetching substation...
    overpass-api.de...
  arkansas: 1493 features
  alaska: fetching substation...
    overpass-api.de...
  alaska: 222 features
  hawaii: fetching substation...
    overpass-api.de...
  hawaii: 278 features

✓ substation: 83757 total features, 37.5 MB → /home/alex/.openclaw/workspace/global-power-lines/geojson/US/power_substations_us.geojson
  pacific_nw: fetching plant...
    overpass-api.de...
  pacific_nw: 240 features
  pacific_s: fetching plant...
    overpass-api.de...
  pacific_s: 2397 features
  mountain_w: fetching plant...
    overpass-api.de...
    failed: HTTP Error 429: Too Many Requests
    overpass.kumi.systems...
    failed: HTTP Error 504: Gateway Timeout
    overpass.openstreetmap.fr...
  mountain_w: 514 features
  southwest: fetching plant...
    overpass-api.de...
  southwest: 394 features
  plains_n: fetching plant...
    overpass-api.de...
  plains_n: 287 features
  plains_s: fetching plant...
    overpass-api.de...
  plains_s: 329 features
  texas: fetching plant...
    overpass-api.de...
  texas: 853 features
  great_lakes: fetching plant...
    overpass-api.de...
  great_lakes: 1528 features
  midwest_s: fetching plant...
    overpass-api.de...
  midwest_s: 990 features
  northeast: fetching plant...
    overpass-api.de...
    failed: HTTP Error 429: Too Many Requests
    overpass.kumi.systems...
  northeast: 3719 features
  mid_atlantic: fetching plant...
    overpass-api.de...
  mid_atlantic: 737 features
  southeast: fetching plant...
    overpass-api.de...
  southeast: 1383 features
  florida: fetching plant...
    overpass-api.de...
  florida: 260 features
  louisiana_ms: fetching plant...
    overpass-api.de...
  louisiana_ms: 130 features
  arkansas: fetching plant...
    overpass-api.de...
    failed: HTTP Error 504: Gateway Timeout
    overpass.kumi.systems...
  arkansas: 175 features
  alaska: fetching plant...
    overpass-api.de...
  alaska: 108 features
  hawaii: fetching plant...
    overpass-api.de...
  hawaii: 99 features

✓ plant: 14143 total features, 8.9 MB → /home/alex/.openclaw/workspace/global-power-lines/geojson/US/power_plants_us.geojson

==================================================
US total: 875870 features across 4 layers
